0 info it worked if it ends with ok
1 verbose cli [ 'C:\\Program Files\\nodejs\\node.exe',
1 verbose cli   'C:\\Users\\Jussi\\AppData\\Roaming\\npm\\node_modules\\npm\\bin\\npm-cli.js',
1 verbose cli   'install' ]
2 info using npm@3.10.6
3 info using node@v6.3.0
4 silly loadCurrentTree Starting
5 silly install loadCurrentTree
6 silly install readLocalPackageData
7 silly install normalizeTree
8 silly loadCurrentTree Finishing
9 silly loadIdealTree Starting
10 silly install loadIdealTree
11 silly cloneCurrentTree Starting
12 silly install cloneCurrentTreeToIdealTree
13 silly cloneCurrentTree Finishing
14 silly loadShrinkwrap Starting
15 silly install loadShrinkwrap
16 silly loadShrinkwrap Finishing
17 silly loadAllDepsIntoIdealTree Starting
18 silly install loadAllDepsIntoIdealTree
19 silly loadAllDepsIntoIdealTree Finishing
20 silly loadIdealTree Finishing
21 silly currentTree react-intl-translations-tool@1.0.0
21 silly currentTree +-- @types/chalk@0.4.28
21 silly currentTree +-- @types/commander@2.3.29
21 silly currentTree | `-- @types/node@4.0.30
21 silly currentTree +-- @types/glob@5.0.29
21 silly currentTree | `-- @types/node@4.0.30
21 silly currentTree +-- @types/minimatch@2.0.28
21 silly currentTree +-- @types/mocha@2.2.31
21 silly currentTree +-- @types/node@6.0.38
21 silly currentTree +-- @types/react@0.14.34
21 silly currentTree +-- ansi-regex@2.0.0
21 silly currentTree +-- ansi-styles@2.2.1
21 silly currentTree +-- async@0.9.2
21 silly currentTree +-- balanced-match@0.4.2
21 silly currentTree +-- brace-expansion@1.1.6
21 silly currentTree +-- browser-stdout@1.3.0
21 silly currentTree +-- chalk@1.1.3
21 silly currentTree | `-- supports-color@2.0.0
21 silly currentTree +-- colors@1.1.2
21 silly currentTree +-- commander@2.9.0
21 silly currentTree +-- concat-map@0.0.1
21 silly currentTree +-- cycle@1.0.3
21 silly currentTree +-- debug@2.2.0
21 silly currentTree +-- deep-equal@0.2.2
21 silly currentTree +-- diff@1.4.0
21 silly currentTree +-- escape-string-regexp@1.0.5
21 silly currentTree +-- eyes@0.1.8
21 silly currentTree +-- fs.realpath@1.0.0
21 silly currentTree +-- glob@7.0.6
21 silly currentTree +-- graceful-readlink@1.0.1
21 silly currentTree +-- growl@1.9.2
21 silly currentTree +-- has-ansi@2.0.0
21 silly currentTree +-- has-flag@1.0.0
21 silly currentTree +-- i@0.3.5
21 silly currentTree +-- inflight@1.0.5
21 silly currentTree +-- inherits@2.0.3
21 silly currentTree +-- isstream@0.1.2
21 silly currentTree +-- json3@3.3.2
21 silly currentTree +-- lodash._baseassign@3.2.0
21 silly currentTree +-- lodash._basecopy@3.0.1
21 silly currentTree +-- lodash._basecreate@3.0.3
21 silly currentTree +-- lodash._getnative@3.9.1
21 silly currentTree +-- lodash._isiterateecall@3.0.9
21 silly currentTree +-- lodash.create@3.1.1
21 silly currentTree +-- lodash.isarguments@3.1.0
21 silly currentTree +-- lodash.isarray@3.0.4
21 silly currentTree +-- lodash.keys@3.1.2
21 silly currentTree +-- minimatch@3.0.3
21 silly currentTree +-- minimist@0.0.8
21 silly currentTree +-- mkdirp@0.5.1
21 silly currentTree +-- mocha@3.0.2
21 silly currentTree | `-- glob@7.0.5
21 silly currentTree +-- ms@0.7.1
21 silly currentTree +-- mute-stream@0.0.6
21 silly currentTree +-- ncp@1.0.1
21 silly currentTree +-- once@1.4.0
21 silly currentTree +-- path-is-absolute@1.0.0
21 silly currentTree +-- pkginfo@0.4.0
21 silly currentTree +-- prompt@1.0.0
21 silly currentTree +-- read@1.0.7
21 silly currentTree +-- revalidator@0.1.8
21 silly currentTree +-- rimraf@2.5.4
21 silly currentTree +-- stack-trace@0.0.9
21 silly currentTree +-- strip-ansi@3.0.1
21 silly currentTree +-- supports-color@3.1.2
21 silly currentTree +-- typescript@2.0.2
21 silly currentTree +-- utile@0.3.0
21 silly currentTree +-- winston@2.1.1
21 silly currentTree | +-- async@1.0.0
21 silly currentTree | +-- colors@1.0.3
21 silly currentTree | `-- pkginfo@0.3.1
21 silly currentTree `-- wrappy@1.0.2
22 silly idealTree react-intl-translations-tool@1.0.0
22 silly idealTree +-- @types/chalk@0.4.28
22 silly idealTree +-- @types/commander@2.3.29
22 silly idealTree | `-- @types/node@4.0.30
22 silly idealTree +-- @types/glob@5.0.29
22 silly idealTree | `-- @types/node@4.0.30
22 silly idealTree +-- @types/minimatch@2.0.28
22 silly idealTree +-- @types/mocha@2.2.31
22 silly idealTree +-- @types/node@6.0.38
22 silly idealTree +-- @types/react@0.14.34
22 silly idealTree +-- ansi-regex@2.0.0
22 silly idealTree +-- ansi-styles@2.2.1
22 silly idealTree +-- async@0.9.2
22 silly idealTree +-- balanced-match@0.4.2
22 silly idealTree +-- brace-expansion@1.1.6
22 silly idealTree +-- browser-stdout@1.3.0
22 silly idealTree +-- chalk@1.1.3
22 silly idealTree | `-- supports-color@2.0.0
22 silly idealTree +-- colors@1.1.2
22 silly idealTree +-- commander@2.9.0
22 silly idealTree +-- concat-map@0.0.1
22 silly idealTree +-- cycle@1.0.3
22 silly idealTree +-- debug@2.2.0
22 silly idealTree +-- deep-equal@0.2.2
22 silly idealTree +-- diff@1.4.0
22 silly idealTree +-- escape-string-regexp@1.0.5
22 silly idealTree +-- eyes@0.1.8
22 silly idealTree +-- fs.realpath@1.0.0
22 silly idealTree +-- glob@7.0.6
22 silly idealTree +-- graceful-readlink@1.0.1
22 silly idealTree +-- growl@1.9.2
22 silly idealTree +-- has-ansi@2.0.0
22 silly idealTree +-- has-flag@1.0.0
22 silly idealTree +-- i@0.3.5
22 silly idealTree +-- inflight@1.0.5
22 silly idealTree +-- inherits@2.0.3
22 silly idealTree +-- isstream@0.1.2
22 silly idealTree +-- json3@3.3.2
22 silly idealTree +-- lodash._baseassign@3.2.0
22 silly idealTree +-- lodash._basecopy@3.0.1
22 silly idealTree +-- lodash._basecreate@3.0.3
22 silly idealTree +-- lodash._getnative@3.9.1
22 silly idealTree +-- lodash._isiterateecall@3.0.9
22 silly idealTree +-- lodash.create@3.1.1
22 silly idealTree +-- lodash.isarguments@3.1.0
22 silly idealTree +-- lodash.isarray@3.0.4
22 silly idealTree +-- lodash.keys@3.1.2
22 silly idealTree +-- minimatch@3.0.3
22 silly idealTree +-- minimist@0.0.8
22 silly idealTree +-- mkdirp@0.5.1
22 silly idealTree +-- mocha@3.0.2
22 silly idealTree | `-- glob@7.0.5
22 silly idealTree +-- ms@0.7.1
22 silly idealTree +-- mute-stream@0.0.6
22 silly idealTree +-- ncp@1.0.1
22 silly idealTree +-- once@1.4.0
22 silly idealTree +-- path-is-absolute@1.0.0
22 silly idealTree +-- pkginfo@0.4.0
22 silly idealTree +-- prompt@1.0.0
22 silly idealTree +-- read@1.0.7
22 silly idealTree +-- revalidator@0.1.8
22 silly idealTree +-- rimraf@2.5.4
22 silly idealTree +-- stack-trace@0.0.9
22 silly idealTree +-- strip-ansi@3.0.1
22 silly idealTree +-- supports-color@3.1.2
22 silly idealTree +-- typescript@2.0.2
22 silly idealTree +-- utile@0.3.0
22 silly idealTree +-- winston@2.1.1
22 silly idealTree | +-- async@1.0.0
22 silly idealTree | +-- colors@1.0.3
22 silly idealTree | `-- pkginfo@0.3.1
22 silly idealTree `-- wrappy@1.0.2
23 silly generateActionsToTake Starting
24 silly install generateActionsToTake
25 silly generateActionsToTake Finishing
26 silly diffTrees action count 0
27 silly decomposeActions action count 0
28 silly executeActions Starting
29 silly install executeActions
30 silly doSerial global-install 0
31 silly doParallel fetch 0
32 verbose correctMkdir C:\Users\Jussi\AppData\Roaming\npm-cache\_locks correctMkdir not in flight; initializing
33 verbose lock using C:\Users\Jussi\AppData\Roaming\npm-cache\_locks\staging-73563d4ee485b3db.lock for E:\Code\GitHub\react-intl-translations-tool\node_modules\.staging
34 silly doParallel extract 0
35 silly doParallel preinstall 0
36 silly doReverseSerial remove 0
37 silly doSerial move 0
38 silly doSerial finalize 0
39 silly doSerial build 0
40 silly doSerial global-link 0
41 silly doParallel update-linked 0
42 silly doSerial install 0
43 silly doSerial postinstall 0
44 verbose unlock done using C:\Users\Jussi\AppData\Roaming\npm-cache\_locks\staging-73563d4ee485b3db.lock for E:\Code\GitHub\react-intl-translations-tool\node_modules\.staging
45 silly executeActions Finishing
46 silly rollbackFailedOptional Starting
47 silly rollbackFailedOptional Finishing
48 silly runTopLevelLifecycles Starting
49 silly install runTopLevelLifecycles
50 silly preinstall react-intl-translations-tool@1.0.0 E:\Code\GitHub\react-intl-translations-tool\react-intl-translations-tool-eb8e01a0
51 info lifecycle react-intl-translations-tool@1.0.0~preinstall: react-intl-translations-tool@1.0.0
52 silly lifecycle react-intl-translations-tool@1.0.0~preinstall: no script for preinstall, continuing
53 silly build react-intl-translations-tool@1.0.0
54 info linkStuff react-intl-translations-tool@1.0.0
55 silly linkStuff react-intl-translations-tool@1.0.0 has E:\Code\GitHub as its parent node_modules
56 verbose linkBins react-intl-translations-tool@1.0.0
57 verbose linkMans react-intl-translations-tool@1.0.0
58 silly install react-intl-translations-tool@1.0.0 E:\Code\GitHub\react-intl-translations-tool\react-intl-translations-tool-eb8e01a0
59 info lifecycle react-intl-translations-tool@1.0.0~install: react-intl-translations-tool@1.0.0
60 silly lifecycle react-intl-translations-tool@1.0.0~install: no script for install, continuing
61 silly postinstall react-intl-translations-tool@1.0.0 E:\Code\GitHub\react-intl-translations-tool\react-intl-translations-tool-eb8e01a0
62 info lifecycle react-intl-translations-tool@1.0.0~postinstall: react-intl-translations-tool@1.0.0
63 verbose lifecycle react-intl-translations-tool@1.0.0~postinstall: unsafe-perm in lifecycle true
64 verbose lifecycle react-intl-translations-tool@1.0.0~postinstall: PATH: C:\Users\Jussi\AppData\Roaming\npm\node_modules\npm\bin\node-gyp-bin;E:\Code\GitHub\react-intl-translations-tool\node_modules\.bin;C:\Python27\;C:\Python27\Scripts;C:\Program Files (x86)\Python35-32\Scripts\;C:\Program Files (x86)\Python35-32\;C:\ProgramData\Oracle\Java\javapath;C:\Windows\system32;C:\Windows;C:\Windows\System32\Wbem;C:\Windows\System32\WindowsPowerShell\v1.0\;C:\Program Files (x86)\NVIDIA Corporation\PhysX\Common;C:\Program Files (x86)\Windows Kits\8.1\Windows Performance Toolkit\;C:\Program Files\Microsoft SQL Server\130\Tools\Binn\;C:\Program Files\Git\cmd;C:\Program Files\Git\mingw64\bin;C:\Program Files\Git\usr\bin;C:\Program Files\nodejs\;F:\HashiCorp\Vagrant\bin;C:\WINDOWS\system32;C:\WINDOWS;C:\WINDOWS\System32\Wbem;C:\WINDOWS\System32\WindowsPowerShell\v1.0\;E:\Program Files\CMake\bin;C:\Program Files (x86)\Microsoft Visual Studio 14.0\VC\bin\amd64_x86;C:\Program Files\dotnet\;C:\Program Files (x86)\Microsoft VS Code\bin;C:\Users\Jussi\AppData\Roaming\npm;C:\Users\Jussi\AppData\Local\Microsoft\WindowsApps;E:\Program Files\Docker Toolbox;C:\Users\Jussi\bin;C:\Program Files (x86)\Microsoft Visual Studio 14.0\Common7\IDE
65 verbose lifecycle react-intl-translations-tool@1.0.0~postinstall: CWD: E:\Code\GitHub\react-intl-translations-tool
66 silly lifecycle react-intl-translations-tool@1.0.0~postinstall: Args: [ '/d /s /c', 'npm run build' ]
67 silly lifecycle react-intl-translations-tool@1.0.0~postinstall: Returned: code: 1  signal: null
68 info lifecycle react-intl-translations-tool@1.0.0~postinstall: Failed to exec postinstall script
69 warn react-intl-translations-tool@1.0.0 No repository field.
70 verbose stack Error: react-intl-translations-tool@1.0.0 postinstall: `npm run build`
70 verbose stack Exit status 1
70 verbose stack     at EventEmitter.<anonymous> (C:\Users\Jussi\AppData\Roaming\npm\node_modules\npm\lib\utils\lifecycle.js:255:16)
70 verbose stack     at emitTwo (events.js:106:13)
70 verbose stack     at EventEmitter.emit (events.js:191:7)
70 verbose stack     at ChildProcess.<anonymous> (C:\Users\Jussi\AppData\Roaming\npm\node_modules\npm\lib\utils\spawn.js:40:14)
70 verbose stack     at emitTwo (events.js:106:13)
70 verbose stack     at ChildProcess.emit (events.js:191:7)
70 verbose stack     at maybeClose (internal/child_process.js:852:16)
70 verbose stack     at Process.ChildProcess._handle.onexit (internal/child_process.js:215:5)
71 verbose pkgid react-intl-translations-tool@1.0.0
72 verbose cwd E:\Code\GitHub\react-intl-translations-tool
73 error Windows_NT 10.0.14393
74 error argv "C:\\Program Files\\nodejs\\node.exe" "C:\\Users\\Jussi\\AppData\\Roaming\\npm\\node_modules\\npm\\bin\\npm-cli.js" "install"
75 error node v6.3.0
76 error npm  v3.10.6
77 error code ELIFECYCLE
78 error react-intl-translations-tool@1.0.0 postinstall: `npm run build`
78 error Exit status 1
79 error Failed at the react-intl-translations-tool@1.0.0 postinstall script 'npm run build'.
79 error Make sure you have the latest version of node.js and npm installed.
79 error If you do, this is most likely a problem with the react-intl-translations-tool package,
79 error not with npm itself.
79 error Tell the author that this fails on your system:
79 error     npm run build
79 error You can get information on how to open an issue for this project with:
79 error     npm bugs react-intl-translations-tool
79 error Or if that isn't available, you can get their info via:
79 error     npm owner ls react-intl-translations-tool
79 error There is likely additional logging output above.
80 verbose exit [ 1, true ]
